{
  "stats": {
    "suites": 1,
    "tests": 1,
    "passes": 0,
    "pending": 0,
    "failures": 1,
    "start": "2022-04-25T12:49:49.755Z",
    "end": "2022-04-25T12:51:05.990Z",
    "duration": 76235,
    "testsRegistered": 1,
    "passPercent": 0,
    "pendingPercent": 0,
    "other": 0,
    "hasOther": false,
    "skipped": 0,
    "hasSkipped": false
  },
  "results": [
    {
      "uuid": "db2f6b29-d399-4080-9555-f36c333dfe05",
      "title": "",
      "fullFile": "cypress/integration/auth.feature",
      "file": "cypress/integration/auth.feature",
      "beforeHooks": [],
      "afterHooks": [],
      "tests": [],
      "suites": [
        {
          "uuid": "43c4653c-9006-4abc-b803-fe64361891c9",
          "title": "Authorization of a user",
          "fullFile": "",
          "file": "",
          "beforeHooks": [],
          "afterHooks": [],
          "tests": [
            {
              "title": "Create an account",
              "fullTitle": "Authorization of a user Create an account",
              "timedOut": null,
              "duration": 63752,
              "state": "failed",
              "speed": null,
              "pass": false,
              "fail": true,
              "pending": false,
              "context": null,
              "code": "const state = window.testState;\nreturn cy\n  .then(() => state.onStartScenario(scenario, indexedSteps))\n  .then(() =>\n    resolveAndRunBeforeHooks.call(this, scenario.tags, state.feature.name)\n  )\n  .then(() =>\n    indexedSteps.forEach((step) =>\n      stepTest.call(this, state, step, rowData)\n    )\n  )\n  .then(() => state.onFinishScenario(scenario));",
              "err": {
                "message": "AssertionError: Timed out retrying after 4000ms: expected '<p>' to have text 'check your email', but the text was 'Your have successfully signed up. The details you provided will be reviewed and you be notified of your account creation. Kindly check your email to verify your account.'",
                "estack": "AssertionError: Timed out retrying after 4000ms: expected '<p>' to have text 'check your email', but the text was 'Your have successfully signed up. The details you provided will be reviewed and you be notified of your account creation. Kindly check your email to verify your account.'\n    at AuthPage.verifySuccessPage (https://marketplace.staging.myautochek.com/__cypress/tests?p=cypress/integration/auth.feature:129:48)\n    at Context.eval (https://marketplace.staging.myautochek.com/__cypress/tests?p=cypress/integration/auth.feature:66:12)\n    at Context.resolveAndRunStepDefinition (https://marketplace.staging.myautochek.com/__cypress/tests?p=cypress/integration/auth.feature:12284:29)\n    at Context.eval (https://marketplace.staging.myautochek.com/__cypress/tests?p=cypress/integration/auth.feature:11605:35)",
                "diff": "- 'Your have successfully signed up. The details you provided will be reviewed and you be notified of your account creation. Kindly check your email to verify your account.'\n+ 'check your email'\n"
              },
              "uuid": "52b67cad-ca61-46fc-adbf-155d10b31e0d",
              "parentUUID": "43c4653c-9006-4abc-b803-fe64361891c9",
              "isHook": false,
              "skipped": false
            }
          ],
          "suites": [],
          "passes": [],
          "failures": [
            "52b67cad-ca61-46fc-adbf-155d10b31e0d"
          ],
          "pending": [],
          "skipped": [],
          "duration": 63752,
          "root": false,
          "rootEmpty": false,
          "_timeout": 2000
        }
      ],
      "passes": [],
      "failures": [],
      "pending": [],
      "skipped": [],
      "duration": 0,
      "root": true,
      "rootEmpty": true,
      "_timeout": 2000
    }
  ],
  "meta": {
    "mocha": {
      "version": "7.0.1"
    },
    "mochawesome": {
      "options": {
        "quiet": false,
        "reportFilename": "mochawesome",
        "saveHtml": false,
        "saveJson": true,
        "consoleReporter": "spec",
        "useInlineDiffs": false,
        "code": true
      },
      "version": "7.1.3"
    },
    "marge": {
      "options": {
        "reportDir": "cypress/results",
        "overwrite": false,
        "html": false,
        "json": true
      },
      "version": "6.2.0"
    }
  }
}