{
  "stats": {
    "suites": 1,
    "tests": 1,
    "passes": 0,
    "pending": 0,
    "failures": 1,
    "start": "2022-04-25T12:44:45.710Z",
    "end": "2022-04-25T12:45:36.622Z",
    "duration": 50912,
    "testsRegistered": 1,
    "passPercent": 0,
    "pendingPercent": 0,
    "other": 0,
    "hasOther": false,
    "skipped": 0,
    "hasSkipped": false
  },
  "results": [
    {
      "uuid": "95411ae7-0011-4238-b459-213424b3246b",
      "title": "",
      "fullFile": "cypress/integration/auth.feature",
      "file": "cypress/integration/auth.feature",
      "beforeHooks": [],
      "afterHooks": [],
      "tests": [],
      "suites": [
        {
          "uuid": "7ba4b5a8-c238-4ce3-adf6-d224d97c780c",
          "title": "Authorization of a user",
          "fullFile": "",
          "file": "",
          "beforeHooks": [],
          "afterHooks": [],
          "tests": [
            {
              "title": "Create an account",
              "fullTitle": "Authorization of a user Create an account",
              "timedOut": null,
              "duration": 42553,
              "state": "failed",
              "speed": null,
              "pass": false,
              "fail": true,
              "pending": false,
              "context": null,
              "code": "const state = window.testState;\nreturn cy\n  .then(() => state.onStartScenario(scenario, indexedSteps))\n  .then(() =>\n    resolveAndRunBeforeHooks.call(this, scenario.tags, state.feature.name)\n  )\n  .then(() =>\n    indexedSteps.forEach((step) =>\n      stepTest.call(this, state, step, rowData)\n    )\n  )\n  .then(() => state.onFinishScenario(scenario));",
              "err": {
                "message": "AssertionError: Timed out retrying after 4000ms: Expected to find element: `success > p`, but never found it.",
                "estack": "AssertionError: Timed out retrying after 4000ms: Expected to find element: `success > p`, but never found it.\n    at AuthPage.verifySuccessPage (https://marketplace.staging.myautochek.com/__cypress/tests?p=cypress/integration/auth.feature:129:32)\n    at Context.eval (https://marketplace.staging.myautochek.com/__cypress/tests?p=cypress/integration/auth.feature:66:12)\n    at Context.resolveAndRunStepDefinition (https://marketplace.staging.myautochek.com/__cypress/tests?p=cypress/integration/auth.feature:12284:29)\n    at Context.eval (https://marketplace.staging.myautochek.com/__cypress/tests?p=cypress/integration/auth.feature:11605:35)",
                "diff": null
              },
              "uuid": "196551ff-bd15-4508-90de-400b7b58655e",
              "parentUUID": "7ba4b5a8-c238-4ce3-adf6-d224d97c780c",
              "isHook": false,
              "skipped": false
            }
          ],
          "suites": [],
          "passes": [],
          "failures": [
            "196551ff-bd15-4508-90de-400b7b58655e"
          ],
          "pending": [],
          "skipped": [],
          "duration": 42553,
          "root": false,
          "rootEmpty": false,
          "_timeout": 2000
        }
      ],
      "passes": [],
      "failures": [],
      "pending": [],
      "skipped": [],
      "duration": 0,
      "root": true,
      "rootEmpty": true,
      "_timeout": 2000
    }
  ],
  "meta": {
    "mocha": {
      "version": "7.0.1"
    },
    "mochawesome": {
      "options": {
        "quiet": false,
        "reportFilename": "mochawesome",
        "saveHtml": false,
        "saveJson": true,
        "consoleReporter": "spec",
        "useInlineDiffs": false,
        "code": true
      },
      "version": "7.1.3"
    },
    "marge": {
      "options": {
        "reportDir": "cypress/results",
        "overwrite": false,
        "html": false,
        "json": true
      },
      "version": "6.2.0"
    }
  }
}